<?xml version="1.0" encoding="UTF-8"?>
<testng-results skipped="0" failed="0" ignored="0" total="1" passed="1">
  <reporter-output>
  </reporter-output>
  <suite name="Suite" duration-ms="27952" started-at="2019-10-12T15:31:51 IST" finished-at="2019-10-12T15:32:19 IST">
    <groups>
    </groups>
    <test name="Test" duration-ms="27952" started-at="2019-10-12T15:31:51 IST" finished-at="2019-10-12T15:32:19 IST">
      <class name="Project.Project.acmelogin">
        <test-method status="PASS" signature="acme()[pri:0, instance:Project.Project.acmelogin@7494e528]" name="acme" duration-ms="27609" started-at="2019-10-12T15:31:52 IST" finished-at="2019-10-12T15:32:19 IST">
          <reporter-output>
          </reporter-output>
        </test-method> <!-- acme -->
      </class> <!-- Project.Project.acmelogin -->
    </test> <!-- Test -->
  </suite> <!-- Suite -->
</testng-results>
